<html xmlns:lxslt="http://xml.apache.org/xslt" xmlns:stringutils="xalan://org.apache.tools.ant.util.StringUtils">
<head>
<META http-equiv="Content-Type" content="text/html; charset=US-ASCII">
<title>Unit Test Results: All Errors</title>
<link rel="stylesheet" type="text/css" title="Style" href="stylesheet.css">
</head>
<body onload="open('allclasses-frame.html','classListFrame')">
<h1>Unit Test Results.</h1>
<table width="100%">
<tr>
<td align="left"></td><td align="right">Designed for use with <a href="http://www.junit.org/">JUnit</a> and <a href="http://ant.apache.org/">Ant</a>.</td>
</tr>
</table>
<hr size="1">
<h2>All Errors</h2>
<table class="details" border="0" cellpadding="5" cellspacing="2" width="95%">
<tr valign="top">
<th>Class</th><th>Name</th><th>Status</th><th width="80%">Type</th><th nowrap>Time(s)</th>
</tr>
<tr valign="top" class="Error">
<td><a href="com/cnebula/analytics/comtest/1_TestAllSiteReport.html">TestAllSiteReport</a></td><td><a name="com.cnebula.analytics.comtest.TestAllSiteReport"></a><a href="com/cnebula/analytics/comtest/1_TestAllSiteReport.html#com.cnebula.analytics.comtest.TestAllSiteReport">com.cnebula.analytics.comtest.TestAllSiteReport</a></td><td>Error</td><td>Timed out after 10 seconds waiting for com.cnebula.analytics.comtest.Tools$1@5e176f Build info: version: '2.25.0', revision: '17482', time: '2012-07-18 21:09:54' System info: os.name: 'Windows 7', os.arch: 'x86', os.version: '6.1', java.version: '1.6.0_25' Driver info: driver.version: unknown<br>
<br>
<code>org.openqa.selenium.TimeoutException: Timed out after 10 seconds waiting for com.cnebula.analytics.comtest.Tools$1@5e176f<br/>Build info: version: '2.25.0', revision: '17482', time: '2012-07-18 21:09:54'<br/>System info: os.name: 'Windows 7', os.arch: 'x86', os.version: '6.1', java.version: '1.6.0_25'<br/>Driver info: driver.version: unknown<br/>	at org.openqa.selenium.support.ui.FluentWait.timeoutException(FluentWait.java:255)<br/>	at org.openqa.selenium.support.ui.FluentWait.timeoutException(FluentWait.java:270)<br/>	at org.openqa.selenium.support.ui.FluentWait.until(FluentWait.java:222)<br/>	at com.cnebula.analytics.comtest.Tools.calisLogin(Tools.java:54)<br/>	at com.cnebula.analytics.comtest.TestAllSiteReport.setUp(TestAllSiteReport.java:29)<br/>Caused by: org.openqa.selenium.NoSuchElementException: Unable to locate element: {"method":"id","selector":"tabZhitong"}<br/>Command duration or timeout: 13.57 seconds<br/>For documentation on this error, please visit: http://seleniumhq.org/exceptions/no_such_element.html<br/>Build info: version: '2.25.0', revision: '17482', time: '2012-07-18 21:08:56'<br/>System info: os.name: 'Windows XP', os.arch: 'x86', os.version: '5.1', java.version: '1.6.0_20'<br/>Driver info: driver.version: EventFiringWebDriver<br/>Session ID: e23766d3-f756-43e5-a0c4-2ec5cee3c9f1<br/>Command duration or timeout: 13.94 seconds<br/>For documentation on this error, please visit: http://seleniumhq.org/exceptions/no_such_element.html<br/>Build info: version: '2.25.0', revision: '17482', time: '2012-07-18 21:09:54'<br/>System info: os.name: 'Windows 7', os.arch: 'x86', os.version: '6.1', java.version: '1.6.0_25'<br/>Driver info: driver.version: RemoteWebDriver<br/>Session ID: 1363771272554<br/>	at java.lang.reflect.Constructor.newInstance(Constructor.java:513)<br/>	at org.openqa.selenium.remote.ErrorHandler.createThrowable(ErrorHandler.java:188)<br/>	at org.openqa.selenium.remote.ErrorHandler.throwIfResponseFailed(ErrorHandler.java:145)<br/>	at org.openqa.selenium.remote.RemoteWebDriver.execute(RemoteWebDriver.java:498)<br/>	at org.openqa.selenium.remote.RemoteWebDriver.findElement(RemoteWebDriver.java:268)<br/>	at org.openqa.selenium.remote.RemoteWebDriver.findElementById(RemoteWebDriver.java:297)<br/>	at org.openqa.selenium.By$ById.findElement(By.java:215)<br/>	at org.openqa.selenium.remote.RemoteWebDriver.findElement(RemoteWebDriver.java:260)<br/>	at com.cnebula.analytics.comtest.Tools$1.apply(Tools.java:57)<br/>	at com.cnebula.analytics.comtest.Tools$1.apply(Tools.java:1)<br/>	at org.openqa.selenium.support.ui.FluentWait.until(FluentWait.java:201)<br/>Caused by: org.openqa.selenium.remote.ScreenshotException: Screen shot has been taken<br/>Build info: version: '2.25.0', revision: '17482', time: '2012-07-18 21:09:54'<br/>System info: os.name: 'Windows 7', os.arch: 'x86', os.version: '6.1', java.version: '1.6.0_25'<br/>Driver info: driver.version: RemoteWebDriver<br/>	at org.openqa.selenium.remote.ErrorHandler.throwIfResponseFailed(ErrorHandler.java:125)<br/>Caused by: org.openqa.selenium.NoSuchElementException: Unable to locate element: {"method":"id","selector":"tabZhitong"}<br/>Command duration or timeout: 13.57 seconds<br/>For documentation on this error, please visit: http://seleniumhq.org/exceptions/no_such_element.html<br/>Build info: version: '2.25.0', revision: '17482', time: '2012-07-18 21:08:56'<br/>System info: os.name: 'Windows XP', os.arch: 'x86', os.version: '5.1', java.version: '1.6.0_20'<br/>Driver info: driver.version: EventFiringWebDriver<br/>Session ID: e23766d3-f756-43e5-a0c4-2ec5cee3c9f1<br/>For documentation on this error, please visit: http://seleniumhq.org/exceptions/no_such_element.html<br/>Build info: version: '2.25.0', revision: '17482', time: '2012-07-18 21:09:54'<br/>System info: os.name: 'Windows 7', os.arch: 'x86', os.version: '6.1', java.version: '1.6.0_25'<br/>Driver info: driver.version: EventFiringWebDriver<br/>	at java.lang.reflect.Constructor.newInstance(Unknown Source)<br/>	at org.openqa.selenium.remote.ErrorHandler.createThrowable(ErrorHandler.java:188)<br/>	at org.openqa.selenium.remote.ErrorHandler.throwIfResponseFailed(ErrorHandler.java:145)<br/>	at org.openqa.selenium.remote.RemoteWebDriver.execute(RemoteWebDriver.java:498)<br/>	at org.openqa.selenium.remote.RemoteWebDriver.findElement(RemoteWebDriver.java:268)<br/>	at org.openqa.selenium.remote.RemoteWebDriver.findElementById(RemoteWebDriver.java:297)<br/>	at org.openqa.selenium.By$ById.findElement(By.java:215)<br/>	at org.openqa.selenium.remote.RemoteWebDriver.findElement(RemoteWebDriver.java:260)<br/>	at org.openqa.selenium.support.events.EventFiringWebDriver$2.invoke(EventFiringWebDriver.java:101)<br/>	at $Proxy1.findElement(Unknown Source)<br/>	at org.openqa.selenium.support.events.EventFiringWebDriver.findElement(EventFiringWebDriver.java:180)<br/>	at org.openqa.selenium.remote.server.handler.FindElement.call(FindElement.java:47)<br/>	at org.openqa.selenium.remote.server.handler.FindElement.call(FindElement.java:1)<br/>	at java.util.concurrent.FutureTask$Sync.innerRun(Unknown Source)<br/>	at java.util.concurrent.FutureTask.run(Unknown Source)<br/>	at org.openqa.selenium.remote.server.DefaultSession$1.run(DefaultSession.java:150)<br/>	at java.util.concurrent.ThreadPoolExecutor$Worker.runTask(Unknown Source)<br/>	at java.util.concurrent.ThreadPoolExecutor$Worker.run(Unknown Source)<br/>	at java.lang.Thread.run(Unknown Source)<br/></code></td><td>0.001</td>
</tr>
</table>
</body>
</html>
